Copyright 1986-2019 Xilinx, Inc. All Rights Reserved.
-------------------------------------------------------------------------------------------------------------------------------------------------
| Tool Version     : Vivado v.2019.2.1 (lin64) Build 2729669 Thu Dec  5 04:48:12 MST 2019
| Date             : Tue Dec  5 19:54:31 2023
| Host             : en-ec-ecelinux-17.coecis.cornell.edu running 64-bit CentOS Linux release 7.9.2009 (Core)
| Command          : report_power -file xillydemo_power_routed.rpt -pb xillydemo_power_summary_routed.pb -rpx xillydemo_power_routed.rpx
| Design           : xillydemo
| Device           : xc7z020clg484-1
| Design State     : routed
| Grade            : commercial
| Process          : typical
| Characterization : Production
-------------------------------------------------------------------------------------------------------------------------------------------------

Power Report

Table of Contents
-----------------
1. Summary
1.1 On-Chip Components
1.2 Power Supply Summary
1.3 Confidence Level
2. Settings
2.1 Environment
2.2 Clock Constraints
3. Detailed Reports
3.1 By Hierarchy

1. Summary
----------

+--------------------------+--------------+
| Total On-Chip Power (W)  | 1.936        |
| Design Power Budget (W)  | Unspecified* |
| Power Budget Margin (W)  | NA           |
| Dynamic (W)              | 1.778        |
| Device Static (W)        | 0.158        |
| Effective TJA (C/W)      | 11.5         |
| Max Ambient (C)          | 62.7         |
| Junction Temperature (C) | 47.3         |
| Confidence Level         | Low          |
| Setting File             | ---          |
| Simulation Activity File | ---          |
| Design Nets Matched      | NA           |
+--------------------------+--------------+
* Specify Design Power Budget using, set_operating_conditions -design_power_budget <value in Watts>


1.1 On-Chip Components
----------------------

+--------------------------+-----------+----------+-----------+-----------------+
| On-Chip                  | Power (W) | Used     | Available | Utilization (%) |
+--------------------------+-----------+----------+-----------+-----------------+
| Clocks                   |     0.037 |        6 |       --- |             --- |
| Slice Logic              |     0.016 |    19688 |       --- |             --- |
|   LUT as Logic           |     0.014 |     7063 |     53200 |           13.28 |
|   CARRY4                 |     0.001 |      559 |     13300 |            4.20 |
|   Register               |    <0.001 |     8791 |    106400 |            8.26 |
|   LUT as Distributed RAM |    <0.001 |      270 |     17400 |            1.55 |
|   F7/F8 Muxes            |    <0.001 |      105 |     53200 |            0.20 |
|   LUT as Shift Register  |    <0.001 |      184 |     17400 |            1.06 |
|   Others                 |     0.000 |     1129 |       --- |             --- |
| Signals                  |     0.023 |    15895 |       --- |             --- |
| Block RAM                |     0.009 |     74.5 |       140 |           53.21 |
| PLL                      |     0.107 |        1 |         4 |           25.00 |
| DSPs                     |     0.009 |       24 |       220 |           10.91 |
| I/O                      |     0.044 |       85 |       200 |           42.50 |
| PS7                      |     1.533 |        1 |       --- |             --- |
| Static Power             |     0.158 |          |           |                 |
| Total                    |     1.936 |          |           |                 |
+--------------------------+-----------+----------+-----------+-----------------+


1.2 Power Supply Summary
------------------------

+-----------+-------------+-----------+-------------+------------+-------------+------------+
| Source    | Voltage (V) | Total (A) | Dynamic (A) | Static (A) | Budget (A)  | Margin (A) |
+-----------+-------------+-----------+-------------+------------+-------------+------------+
| Vccint    |       1.000 |     0.124 |       0.104 |      0.020 | Unspecified | NA         |
| Vccaux    |       1.800 |     0.071 |       0.055 |      0.016 | Unspecified | NA         |
| Vcco33    |       3.300 |     0.013 |       0.012 |      0.001 | Unspecified | NA         |
| Vcco25    |       2.500 |     0.000 |       0.000 |      0.000 | Unspecified | NA         |
| Vcco18    |       1.800 |     0.000 |       0.000 |      0.000 | Unspecified | NA         |
| Vcco15    |       1.500 |     0.000 |       0.000 |      0.000 | Unspecified | NA         |
| Vcco135   |       1.350 |     0.000 |       0.000 |      0.000 | Unspecified | NA         |
| Vcco12    |       1.200 |     0.000 |       0.000 |      0.000 | Unspecified | NA         |
| Vccaux_io |       1.800 |     0.000 |       0.000 |      0.000 | Unspecified | NA         |
| Vccbram   |       1.000 |     0.007 |       0.000 |      0.006 | Unspecified | NA         |
| MGTAVcc   |       1.000 |     0.000 |       0.000 |      0.000 | Unspecified | NA         |
| MGTAVtt   |       1.200 |     0.000 |       0.000 |      0.000 | Unspecified | NA         |
| MGTVccaux |       1.800 |     0.000 |       0.000 |      0.000 | Unspecified | NA         |
| Vccpint   |       1.000 |     0.755 |       0.722 |      0.033 | Unspecified | NA         |
| Vccpaux   |       1.800 |     0.061 |       0.051 |      0.010 | Unspecified | NA         |
| Vccpll    |       1.800 |     0.017 |       0.014 |      0.003 | Unspecified | NA         |
| Vcco_ddr  |       1.500 |     0.459 |       0.457 |      0.002 | Unspecified | NA         |
| Vcco_mio0 |       1.800 |     0.004 |       0.003 |      0.001 | Unspecified | NA         |
| Vcco_mio1 |       1.800 |     0.003 |       0.002 |      0.001 | Unspecified | NA         |
| Vccadc    |       1.800 |     0.020 |       0.000 |      0.020 | Unspecified | NA         |
+-----------+-------------+-----------+-------------+------------+-------------+------------+


1.3 Confidence Level
--------------------

+-----------------------------+------------+--------------------------------------------------------+------------------------------------------------------------------------------------------------------------+
| User Input Data             | Confidence | Details                                                | Action                                                                                                     |
+-----------------------------+------------+--------------------------------------------------------+------------------------------------------------------------------------------------------------------------+
| Design implementation state | High       | Design is routed                                       |                                                                                                            |
| Clock nodes activity        | High       | User specified more than 95% of clocks                 |                                                                                                            |
| I/O nodes activity          | Low        | More than 75% of inputs are missing user specification | Provide missing input activity with simulation results or by editing the "By Resource Type -> I/Os" view   |
| Internal nodes activity     | Medium     | User specified less than 25% of internal nodes         | Provide missing internal nodes activity with simulation results or by editing the "By Resource Type" views |
| Device models               | High       | Device models are Production                           |                                                                                                            |
|                             |            |                                                        |                                                                                                            |
| Overall confidence level    | Low        |                                                        |                                                                                                            |
+-----------------------------+------------+--------------------------------------------------------+------------------------------------------------------------------------------------------------------------+


2. Settings
-----------

2.1 Environment
---------------

+-----------------------+------------------------+
| Ambient Temp (C)      | 25.0                   |
| ThetaJA (C/W)         | 11.5                   |
| Airflow (LFM)         | 250                    |
| Heat Sink             | none                   |
| ThetaSA (C/W)         | 0.0                    |
| Board Selection       | medium (10"x10")       |
| # of Board Layers     | 8to11 (8 to 11 Layers) |
| Board Temperature (C) | 25.0                   |
+-----------------------+------------------------+


2.2 Clock Constraints
---------------------

+---------------------+---------------------------------------------------------------------------------------------+-----------------+
| Clock               | Domain                                                                                      | Constraint (ns) |
+---------------------+---------------------------------------------------------------------------------------------+-----------------+
| clk_fpga_1          | xillybus_ins/system_i/vivado_system_i/processing_system7_0/inst/FCLK_CLK_unbuffered[1]      |            10.0 |
| gclk                | clk_100                                                                                     |            10.0 |
| vga_clk_ins/clk_fb  | xillybus_ins/system_i/vivado_system_i/xillyvga_0/inst/xillyvga_core_ins/vga_clk_ins/clk_fb  |            40.0 |
| vga_clk_ins/clkout0 | xillybus_ins/system_i/vivado_system_i/xillyvga_0/inst/xillyvga_core_ins/vga_clk_ins/clkout0 |            15.4 |
+---------------------+---------------------------------------------------------------------------------------------+-----------------+


3. Detailed Reports
-------------------

3.1 By Hierarchy
----------------

+----------------------------------+-----------+
| Name                             | Power (W) |
+----------------------------------+-----------+
| xillydemo                        |     1.778 |
|   audio                          |     0.004 |
|     playback_fifo                |     0.002 |
|       U0                         |     0.002 |
|     record_fifo                  |     0.001 |
|       U0                         |     0.001 |
|   fifo_32_0                      |     0.002 |
|     U0                           |     0.002 |
|       inst_fifo_gen              |     0.002 |
|   fifo_32_1                      |     0.002 |
|     U0                           |     0.002 |
|       inst_fifo_gen              |     0.002 |
|   fifo_8                         |     0.001 |
|     U0                           |     0.001 |
|       inst_fifo_gen              |     0.001 |
|   smbus                          |     0.001 |
|   test_fpga_design               |     0.031 |
|     dut_fcmp_32ns_32nhbi_U21     |     0.001 |
|     dut_fmul_32ns_32neOg_U19     |     0.004 |
|       dut_ap_fmul_2_max_dsp_32_u |     0.004 |
|     dut_fmul_32ns_32neOg_U20     |     0.004 |
|       dut_ap_fmul_2_max_dsp_32_u |     0.004 |
|     grp_fft_fu_396               |     0.017 |
|       dut_faddfsub_32nsdEe_U3    |     0.005 |
|       dut_faddfsub_32nsdEe_U4    |     0.005 |
|       dut_fmul_32ns_32neOg_U5    |     0.001 |
|       dut_fmul_32ns_32neOg_U6    |     0.001 |
|   xillybus_ins                   |     1.692 |
|     system_i                     |     1.668 |
|       vivado_system_i            |     1.668 |
|     xillybus_core_ins            |     0.024 |
+----------------------------------+-----------+


